TN:
SF:src\errors\MissingTranslationError.js
FN:2,MissingTranslationError
FNF:1
FNH:1
FNDA:3,MissingTranslationError
DA:2,18
DA:4,3
DA:9,3
DA:10,3
DA:13,3
LF:5
LH:5
BRDA:9,0,0,3
BRF:1
BRH:1
end_of_record
TN:
SF:src\services\translator\index.js
FN:18,capitalize
FN:21,TranslatorService
FN:34,getTranslation
FN:52,getPlural
FN:63,getSingular
FN:74,getCapitalizedSingular
FN:85,getCapitalizedPlural
FN:98,maybePluralize
FN:108,setTranslation
FNF:9
FNH:9
FNDA:2,capitalize
FNDA:1,TranslatorService
FNDA:10,getTranslation
FNDA:5,getPlural
FNDA:5,getSingular
FNDA:1,getCapitalizedSingular
FNDA:1,getCapitalizedPlural
FNDA:3,maybePluralize
FNDA:3,setTranslation
DA:9,1
DA:11,1
DA:12,1
DA:18,2
DA:21,1
DA:23,1
DA:35,10
DA:37,10
DA:38,9
DA:39,2
DA:42,7
DA:53,5
DA:64,5
DA:75,1
DA:86,1
DA:99,3
DA:100,3
DA:101,2
DA:109,3
LF:19
LH:19
BRDA:37,0,0,1
BRDA:37,0,1,9
BRDA:38,1,0,2
BRDA:38,1,1,7
BRDA:100,2,0,1
BRDA:100,2,1,2
BRF:6
BRH:6
end_of_record
